0 info it worked if it ends with ok
1 verbose cli [ 'node', '/usr/local/bin/npm', 'install' ]
2 info using npm@1.4.28
3 info using node@v0.10.32
4 verbose readDependencies using package.json deps
5 verbose install where, deps [ '/Users/gladisk/Google Drive/Programmation Work/local website/letemKnow/project/LetEmKnowGIT',
5 verbose install   [ 'body-parser',
5 verbose install     'cookie-parser',
5 verbose install     'debug',
5 verbose install     'express',
5 verbose install     'jade',
5 verbose install     'morgan',
5 verbose install     'nodemon',
5 verbose install     'serve-favicon',
5 verbose install     'grunt',
5 verbose install     'grunt-contrib-concat',
5 verbose install     'grunt-contrib-cssmin',
5 verbose install     'grunt-contrib-less',
5 verbose install     'grunt-contrib-uglify',
5 verbose install     'grunt-contrib-watch',
5 verbose install     'grunt-nodemon' ] ]
6 info preinstall webjobbar@0.0.0
7 verbose readDependencies using package.json deps
8 verbose already installed skipping body-parser@~1.8.1 /Users/gladisk/Google Drive/Programmation Work/local website/letemKnow/project/LetEmKnowGIT
9 verbose already installed skipping cookie-parser@~1.3.3 /Users/gladisk/Google Drive/Programmation Work/local website/letemKnow/project/LetEmKnowGIT
10 verbose already installed skipping debug@~2.0.0 /Users/gladisk/Google Drive/Programmation Work/local website/letemKnow/project/LetEmKnowGIT
11 verbose already installed skipping express@~4.9.0 /Users/gladisk/Google Drive/Programmation Work/local website/letemKnow/project/LetEmKnowGIT
12 verbose cache add [ 'jade@~1.6.0', null ]
13 verbose cache add name=undefined spec="jade@~1.6.0" args=["jade@~1.6.0",null]
14 verbose parsed url { protocol: null,
14 verbose parsed url   slashes: null,
14 verbose parsed url   auth: null,
14 verbose parsed url   host: null,
14 verbose parsed url   port: null,
14 verbose parsed url   hostname: null,
14 verbose parsed url   hash: null,
14 verbose parsed url   search: null,
14 verbose parsed url   query: null,
14 verbose parsed url   pathname: 'jade@~1.6.0',
14 verbose parsed url   path: 'jade@~1.6.0',
14 verbose parsed url   href: 'jade@~1.6.0' }
15 verbose already installed skipping morgan@~1.3.0 /Users/gladisk/Google Drive/Programmation Work/local website/letemKnow/project/LetEmKnowGIT
16 verbose cache add [ 'nodemon@^1.2.1', null ]
17 verbose cache add name=undefined spec="nodemon@^1.2.1" args=["nodemon@^1.2.1",null]
18 verbose parsed url { protocol: null,
18 verbose parsed url   slashes: null,
18 verbose parsed url   auth: null,
18 verbose parsed url   host: null,
18 verbose parsed url   port: null,
18 verbose parsed url   hostname: null,
18 verbose parsed url   hash: null,
18 verbose parsed url   search: null,
18 verbose parsed url   query: null,
18 verbose parsed url   pathname: 'nodemon@^1.2.1',
18 verbose parsed url   path: 'nodemon@^1.2.1',
18 verbose parsed url   href: 'nodemon@^1.2.1' }
19 verbose already installed skipping serve-favicon@~2.1.3 /Users/gladisk/Google Drive/Programmation Work/local website/letemKnow/project/LetEmKnowGIT
20 verbose already installed skipping grunt@^0.4.5 /Users/gladisk/Google Drive/Programmation Work/local website/letemKnow/project/LetEmKnowGIT
21 verbose cache add [ 'grunt-contrib-concat@^0.5.0', null ]
22 verbose cache add name=undefined spec="grunt-contrib-concat@^0.5.0" args=["grunt-contrib-concat@^0.5.0",null]
23 verbose parsed url { protocol: null,
23 verbose parsed url   slashes: null,
23 verbose parsed url   auth: null,
23 verbose parsed url   host: null,
23 verbose parsed url   port: null,
23 verbose parsed url   hostname: null,
23 verbose parsed url   hash: null,
23 verbose parsed url   search: null,
23 verbose parsed url   query: null,
23 verbose parsed url   pathname: 'grunt-contrib-concat@^0.5.0',
23 verbose parsed url   path: 'grunt-contrib-concat@^0.5.0',
23 verbose parsed url   href: 'grunt-contrib-concat@^0.5.0' }
24 verbose cache add [ 'grunt-contrib-cssmin@^0.10.0', null ]
25 verbose cache add name=undefined spec="grunt-contrib-cssmin@^0.10.0" args=["grunt-contrib-cssmin@^0.10.0",null]
26 verbose parsed url { protocol: null,
26 verbose parsed url   slashes: null,
26 verbose parsed url   auth: null,
26 verbose parsed url   host: null,
26 verbose parsed url   port: null,
26 verbose parsed url   hostname: null,
26 verbose parsed url   hash: null,
26 verbose parsed url   search: null,
26 verbose parsed url   query: null,
26 verbose parsed url   pathname: 'grunt-contrib-cssmin@^0.10.0',
26 verbose parsed url   path: 'grunt-contrib-cssmin@^0.10.0',
26 verbose parsed url   href: 'grunt-contrib-cssmin@^0.10.0' }
27 verbose cache add [ 'grunt-contrib-less@^0.12.0', null ]
28 verbose cache add name=undefined spec="grunt-contrib-less@^0.12.0" args=["grunt-contrib-less@^0.12.0",null]
29 verbose parsed url { protocol: null,
29 verbose parsed url   slashes: null,
29 verbose parsed url   auth: null,
29 verbose parsed url   host: null,
29 verbose parsed url   port: null,
29 verbose parsed url   hostname: null,
29 verbose parsed url   hash: null,
29 verbose parsed url   search: null,
29 verbose parsed url   query: null,
29 verbose parsed url   pathname: 'grunt-contrib-less@^0.12.0',
29 verbose parsed url   path: 'grunt-contrib-less@^0.12.0',
29 verbose parsed url   href: 'grunt-contrib-less@^0.12.0' }
30 verbose cache add [ 'grunt-contrib-uglify@^0.6.0', null ]
31 verbose cache add name=undefined spec="grunt-contrib-uglify@^0.6.0" args=["grunt-contrib-uglify@^0.6.0",null]
32 verbose parsed url { protocol: null,
32 verbose parsed url   slashes: null,
32 verbose parsed url   auth: null,
32 verbose parsed url   host: null,
32 verbose parsed url   port: null,
32 verbose parsed url   hostname: null,
32 verbose parsed url   hash: null,
32 verbose parsed url   search: null,
32 verbose parsed url   query: null,
32 verbose parsed url   pathname: 'grunt-contrib-uglify@^0.6.0',
32 verbose parsed url   path: 'grunt-contrib-uglify@^0.6.0',
32 verbose parsed url   href: 'grunt-contrib-uglify@^0.6.0' }
33 verbose cache add [ 'grunt-contrib-watch@^0.6.1', null ]
34 verbose cache add name=undefined spec="grunt-contrib-watch@^0.6.1" args=["grunt-contrib-watch@^0.6.1",null]
35 verbose parsed url { protocol: null,
35 verbose parsed url   slashes: null,
35 verbose parsed url   auth: null,
35 verbose parsed url   host: null,
35 verbose parsed url   port: null,
35 verbose parsed url   hostname: null,
35 verbose parsed url   hash: null,
35 verbose parsed url   search: null,
35 verbose parsed url   query: null,
35 verbose parsed url   pathname: 'grunt-contrib-watch@^0.6.1',
35 verbose parsed url   path: 'grunt-contrib-watch@^0.6.1',
35 verbose parsed url   href: 'grunt-contrib-watch@^0.6.1' }
36 verbose cache add [ 'grunt-nodemon@^0.3.0', null ]
37 verbose cache add name=undefined spec="grunt-nodemon@^0.3.0" args=["grunt-nodemon@^0.3.0",null]
38 verbose parsed url { protocol: null,
38 verbose parsed url   slashes: null,
38 verbose parsed url   auth: null,
38 verbose parsed url   host: null,
38 verbose parsed url   port: null,
38 verbose parsed url   hostname: null,
38 verbose parsed url   hash: null,
38 verbose parsed url   search: null,
38 verbose parsed url   query: null,
38 verbose parsed url   pathname: 'grunt-nodemon@^0.3.0',
38 verbose parsed url   path: 'grunt-nodemon@^0.3.0',
38 verbose parsed url   href: 'grunt-nodemon@^0.3.0' }
39 verbose cache add name="jade" spec="~1.6.0" args=["jade","~1.6.0"]
40 verbose parsed url { protocol: null,
40 verbose parsed url   slashes: null,
40 verbose parsed url   auth: null,
40 verbose parsed url   host: null,
40 verbose parsed url   port: null,
40 verbose parsed url   hostname: null,
40 verbose parsed url   hash: null,
40 verbose parsed url   search: null,
40 verbose parsed url   query: null,
40 verbose parsed url   pathname: '~1.6.0',
40 verbose parsed url   path: '~1.6.0',
40 verbose parsed url   href: '~1.6.0' }
41 verbose addNamed [ 'jade', '~1.6.0' ]
42 verbose addNamed [ null, '>=1.6.0-0 <1.7.0-0' ]
43 verbose cache add name="nodemon" spec="^1.2.1" args=["nodemon","^1.2.1"]
44 verbose parsed url { protocol: null,
44 verbose parsed url   slashes: null,
44 verbose parsed url   auth: null,
44 verbose parsed url   host: null,
44 verbose parsed url   port: null,
44 verbose parsed url   hostname: null,
44 verbose parsed url   hash: null,
44 verbose parsed url   search: null,
44 verbose parsed url   query: null,
44 verbose parsed url   pathname: '^1.2.1',
44 verbose parsed url   path: '^1.2.1',
44 verbose parsed url   href: '^1.2.1' }
45 verbose addNamed [ 'nodemon', '^1.2.1' ]
46 verbose addNamed [ null, '>=1.2.1-0 <2.0.0-0' ]
47 verbose cache add name="grunt-contrib-concat" spec="^0.5.0" args=["grunt-contrib-concat","^0.5.0"]
48 verbose parsed url { protocol: null,
48 verbose parsed url   slashes: null,
48 verbose parsed url   auth: null,
48 verbose parsed url   host: null,
48 verbose parsed url   port: null,
48 verbose parsed url   hostname: null,
48 verbose parsed url   hash: null,
48 verbose parsed url   search: null,
48 verbose parsed url   query: null,
48 verbose parsed url   pathname: '^0.5.0',
48 verbose parsed url   path: '^0.5.0',
48 verbose parsed url   href: '^0.5.0' }
49 verbose addNamed [ 'grunt-contrib-concat', '^0.5.0' ]
50 verbose addNamed [ null, '>=0.5.0-0 <0.6.0-0' ]
51 verbose cache add name="grunt-contrib-cssmin" spec="^0.10.0" args=["grunt-contrib-cssmin","^0.10.0"]
52 verbose parsed url { protocol: null,
52 verbose parsed url   slashes: null,
52 verbose parsed url   auth: null,
52 verbose parsed url   host: null,
52 verbose parsed url   port: null,
52 verbose parsed url   hostname: null,
52 verbose parsed url   hash: null,
52 verbose parsed url   search: null,
52 verbose parsed url   query: null,
52 verbose parsed url   pathname: '^0.10.0',
52 verbose parsed url   path: '^0.10.0',
52 verbose parsed url   href: '^0.10.0' }
53 verbose addNamed [ 'grunt-contrib-cssmin', '^0.10.0' ]
54 verbose addNamed [ null, '>=0.10.0-0 <0.11.0-0' ]
55 verbose cache add name="grunt-contrib-less" spec="^0.12.0" args=["grunt-contrib-less","^0.12.0"]
56 verbose parsed url { protocol: null,
56 verbose parsed url   slashes: null,
56 verbose parsed url   auth: null,
56 verbose parsed url   host: null,
56 verbose parsed url   port: null,
56 verbose parsed url   hostname: null,
56 verbose parsed url   hash: null,
56 verbose parsed url   search: null,
56 verbose parsed url   query: null,
56 verbose parsed url   pathname: '^0.12.0',
56 verbose parsed url   path: '^0.12.0',
56 verbose parsed url   href: '^0.12.0' }
57 verbose addNamed [ 'grunt-contrib-less', '^0.12.0' ]
58 verbose addNamed [ null, '>=0.12.0-0 <0.13.0-0' ]
59 verbose cache add name="grunt-contrib-uglify" spec="^0.6.0" args=["grunt-contrib-uglify","^0.6.0"]
60 verbose parsed url { protocol: null,
60 verbose parsed url   slashes: null,
60 verbose parsed url   auth: null,
60 verbose parsed url   host: null,
60 verbose parsed url   port: null,
60 verbose parsed url   hostname: null,
60 verbose parsed url   hash: null,
60 verbose parsed url   search: null,
60 verbose parsed url   query: null,
60 verbose parsed url   pathname: '^0.6.0',
60 verbose parsed url   path: '^0.6.0',
60 verbose parsed url   href: '^0.6.0' }
61 verbose addNamed [ 'grunt-contrib-uglify', '^0.6.0' ]
62 verbose addNamed [ null, '>=0.6.0-0 <0.7.0-0' ]
63 verbose cache add name="grunt-contrib-watch" spec="^0.6.1" args=["grunt-contrib-watch","^0.6.1"]
64 verbose parsed url { protocol: null,
64 verbose parsed url   slashes: null,
64 verbose parsed url   auth: null,
64 verbose parsed url   host: null,
64 verbose parsed url   port: null,
64 verbose parsed url   hostname: null,
64 verbose parsed url   hash: null,
64 verbose parsed url   search: null,
64 verbose parsed url   query: null,
64 verbose parsed url   pathname: '^0.6.1',
64 verbose parsed url   path: '^0.6.1',
64 verbose parsed url   href: '^0.6.1' }
65 verbose addNamed [ 'grunt-contrib-watch', '^0.6.1' ]
66 verbose addNamed [ null, '>=0.6.1-0 <0.7.0-0' ]
67 verbose cache add name="grunt-nodemon" spec="^0.3.0" args=["grunt-nodemon","^0.3.0"]
68 verbose parsed url { protocol: null,
68 verbose parsed url   slashes: null,
68 verbose parsed url   auth: null,
68 verbose parsed url   host: null,
68 verbose parsed url   port: null,
68 verbose parsed url   hostname: null,
68 verbose parsed url   hash: null,
68 verbose parsed url   search: null,
68 verbose parsed url   query: null,
68 verbose parsed url   pathname: '^0.3.0',
68 verbose parsed url   path: '^0.3.0',
68 verbose parsed url   href: '^0.3.0' }
69 verbose addNamed [ 'grunt-nodemon', '^0.3.0' ]
70 verbose addNamed [ null, '>=0.3.0-0 <0.4.0-0' ]
71 silly lockFile ad8c17a8-jade-1-6-0 jade@~1.6.0
72 verbose lock jade@~1.6.0 /Users/gladisk/.npm/ad8c17a8-jade-1-6-0.lock
73 silly lockFile 2f6de593-nodemon-1-2-1 nodemon@^1.2.1
74 verbose lock nodemon@^1.2.1 /Users/gladisk/.npm/2f6de593-nodemon-1-2-1.lock
75 silly lockFile 47c410cb-grunt-contrib-concat-0-5-0 grunt-contrib-concat@^0.5.0
76 verbose lock grunt-contrib-concat@^0.5.0 /Users/gladisk/.npm/47c410cb-grunt-contrib-concat-0-5-0.lock
77 silly lockFile 27341b2e-grunt-contrib-cssmin-0-10-0 grunt-contrib-cssmin@^0.10.0
78 verbose lock grunt-contrib-cssmin@^0.10.0 /Users/gladisk/.npm/27341b2e-grunt-contrib-cssmin-0-10-0.lock
79 silly lockFile 91712cd0-grunt-contrib-less-0-12-0 grunt-contrib-less@^0.12.0
80 verbose lock grunt-contrib-less@^0.12.0 /Users/gladisk/.npm/91712cd0-grunt-contrib-less-0-12-0.lock
81 silly lockFile 745b3922-grunt-contrib-uglify-0-6-0 grunt-contrib-uglify@^0.6.0
82 verbose lock grunt-contrib-uglify@^0.6.0 /Users/gladisk/.npm/745b3922-grunt-contrib-uglify-0-6-0.lock
83 silly lockFile 224b1ece-grunt-contrib-watch-0-6-1 grunt-contrib-watch@^0.6.1
84 verbose lock grunt-contrib-watch@^0.6.1 /Users/gladisk/.npm/224b1ece-grunt-contrib-watch-0-6-1.lock
85 silly lockFile d84cf24e-grunt-nodemon-0-3-0 grunt-nodemon@^0.3.0
86 verbose lock grunt-nodemon@^0.3.0 /Users/gladisk/.npm/d84cf24e-grunt-nodemon-0-3-0.lock
87 silly addNameRange { name: 'jade', range: '>=1.6.0-0 <1.7.0-0', hasData: false }
88 silly addNameRange { name: 'grunt-contrib-concat',
88 silly addNameRange   range: '>=0.5.0-0 <0.6.0-0',
88 silly addNameRange   hasData: false }
89 silly addNameRange { name: 'nodemon', range: '>=1.2.1-0 <2.0.0-0', hasData: false }
90 silly addNameRange { name: 'grunt-contrib-cssmin',
90 silly addNameRange   range: '>=0.10.0-0 <0.11.0-0',
90 silly addNameRange   hasData: false }
91 silly addNameRange { name: 'grunt-contrib-less',
91 silly addNameRange   range: '>=0.12.0-0 <0.13.0-0',
91 silly addNameRange   hasData: false }
92 silly addNameRange { name: 'grunt-contrib-uglify',
92 silly addNameRange   range: '>=0.6.0-0 <0.7.0-0',
92 silly addNameRange   hasData: false }
93 silly addNameRange { name: 'grunt-nodemon',
93 silly addNameRange   range: '>=0.3.0-0 <0.4.0-0',
93 silly addNameRange   hasData: false }
94 silly addNameRange { name: 'grunt-contrib-watch',
94 silly addNameRange   range: '>=0.6.1-0 <0.7.0-0',
94 silly addNameRange   hasData: false }
95 verbose request where is /grunt-nodemon
96 verbose request registry https://registry.npmjs.org/
97 verbose request id 6f1b3fb26ef73ff2
98 verbose url raw /grunt-nodemon
99 verbose url resolving [ 'https://registry.npmjs.org/', './grunt-nodemon' ]
100 verbose url resolved https://registry.npmjs.org/grunt-nodemon
101 verbose request where is https://registry.npmjs.org/grunt-nodemon
102 info trying registry request attempt 1 at 22:10:15
103 http GET https://registry.npmjs.org/grunt-nodemon
104 verbose request where is /grunt-contrib-concat
105 verbose request registry https://registry.npmjs.org/
106 verbose url raw /grunt-contrib-concat
107 verbose url resolving [ 'https://registry.npmjs.org/', './grunt-contrib-concat' ]
108 verbose url resolved https://registry.npmjs.org/grunt-contrib-concat
109 verbose request where is https://registry.npmjs.org/grunt-contrib-concat
110 info trying registry request attempt 1 at 22:10:15
111 verbose etag "CBS5VY6P5VCMD7GHLMSX08NCE"
112 http GET https://registry.npmjs.org/grunt-contrib-concat
113 verbose request where is /grunt-contrib-cssmin
114 verbose request registry https://registry.npmjs.org/
115 verbose url raw /grunt-contrib-cssmin
116 verbose url resolving [ 'https://registry.npmjs.org/', './grunt-contrib-cssmin' ]
117 verbose url resolved https://registry.npmjs.org/grunt-contrib-cssmin
118 verbose request where is https://registry.npmjs.org/grunt-contrib-cssmin
119 info trying registry request attempt 1 at 22:10:15
120 verbose etag "5GND3AEVYFBMXO4DE5O9TN2TC"
121 http GET https://registry.npmjs.org/grunt-contrib-cssmin
122 verbose request where is /jade
123 verbose request registry https://registry.npmjs.org/
124 verbose url raw /jade
125 verbose url resolving [ 'https://registry.npmjs.org/', './jade' ]
126 verbose url resolved https://registry.npmjs.org/jade
127 verbose request where is https://registry.npmjs.org/jade
128 info trying registry request attempt 1 at 22:10:15
129 verbose etag "9GJOKIQU4S89W2JB6QNG1E7RC"
130 http GET https://registry.npmjs.org/jade
131 verbose request where is /grunt-contrib-uglify
132 verbose request registry https://registry.npmjs.org/
133 verbose url raw /grunt-contrib-uglify
134 verbose url resolving [ 'https://registry.npmjs.org/', './grunt-contrib-uglify' ]
135 verbose url resolved https://registry.npmjs.org/grunt-contrib-uglify
136 verbose request where is https://registry.npmjs.org/grunt-contrib-uglify
137 info trying registry request attempt 1 at 22:10:15
138 verbose etag "3QDPDMDEYPNLRHU5UO140RL91"
139 http GET https://registry.npmjs.org/grunt-contrib-uglify
140 verbose request where is /grunt-contrib-less
141 verbose request registry https://registry.npmjs.org/
142 verbose url raw /grunt-contrib-less
143 verbose url resolving [ 'https://registry.npmjs.org/', './grunt-contrib-less' ]
144 verbose url resolved https://registry.npmjs.org/grunt-contrib-less
145 verbose request where is https://registry.npmjs.org/grunt-contrib-less
146 info trying registry request attempt 1 at 22:10:15
147 verbose etag "D06K78JZQQKSM9DWOUNJQL9O4"
148 http GET https://registry.npmjs.org/grunt-contrib-less
149 verbose request where is /nodemon
150 verbose request registry https://registry.npmjs.org/
151 verbose url raw /nodemon
152 verbose url resolving [ 'https://registry.npmjs.org/', './nodemon' ]
153 verbose url resolved https://registry.npmjs.org/nodemon
154 verbose request where is https://registry.npmjs.org/nodemon
155 info trying registry request attempt 1 at 22:10:15
156 verbose etag "62ZBUITCQKRVMGT0EG8F05UR8"
157 http GET https://registry.npmjs.org/nodemon
158 verbose request where is /grunt-contrib-watch
159 verbose request registry https://registry.npmjs.org/
160 verbose url raw /grunt-contrib-watch
161 verbose url resolving [ 'https://registry.npmjs.org/', './grunt-contrib-watch' ]
162 verbose url resolved https://registry.npmjs.org/grunt-contrib-watch
163 verbose request where is https://registry.npmjs.org/grunt-contrib-watch
164 info trying registry request attempt 1 at 22:10:15
165 verbose etag "EQTL4G58NDKD0ORSVQE5FZD11"
166 http GET https://registry.npmjs.org/grunt-contrib-watch
167 http 304 https://registry.npmjs.org/jade
168 silly registry.get cb [ 304,
168 silly registry.get   { date: 'Sun, 30 Nov 2014 21:10:15 GMT',
168 silly registry.get     server: 'Apache',
168 silly registry.get     via: '1.1 varnish',
168 silly registry.get     'last-modified': 'Sun, 30 Nov 2014 21:10:15 GMT',
168 silly registry.get     'cache-control': 'max-age=60',
168 silly registry.get     etag: '"9GJOKIQU4S89W2JB6QNG1E7RC"',
168 silly registry.get     age: '51',
168 silly registry.get     'x-served-by': 'cache-fra1236-FRA',
168 silly registry.get     'x-cache': 'HIT',
168 silly registry.get     'x-cache-hits': '1',
168 silly registry.get     'x-timer': 'S1417381815.981984,VS0,VE1',
168 silly registry.get     vary: 'Accept',
168 silly registry.get     'content-length': '0',
168 silly registry.get     'keep-alive': 'timeout=10, max=50',
168 silly registry.get     connection: 'Keep-Alive' } ]
169 verbose etag https://registry.npmjs.org/jade from cache
170 silly addNameRange number 2 { name: 'jade', range: '>=1.6.0-0 <1.7.0-0', hasData: true }
171 silly addNameRange versions [ 'jade',
171 silly addNameRange   [ '0.0.1',
171 silly addNameRange     '0.0.2',
171 silly addNameRange     '0.1.0',
171 silly addNameRange     '0.2.0',
171 silly addNameRange     '0.2.1',
171 silly addNameRange     '0.2.2',
171 silly addNameRange     '0.2.3',
171 silly addNameRange     '0.2.4',
171 silly addNameRange     '0.3.0',
171 silly addNameRange     '0.4.0',
171 silly addNameRange     '0.4.1',
171 silly addNameRange     '0.5.0',
171 silly addNameRange     '0.5.1',
171 silly addNameRange     '0.5.2',
171 silly addNameRange     '0.5.3',
171 silly addNameRange     '0.5.4',
171 silly addNameRange     '0.5.5',
171 silly addNameRange     '0.5.6',
171 silly addNameRange     '0.5.7',
171 silly addNameRange     '0.6.0',
171 silly addNameRange     '0.6.1',
171 silly addNameRange     '0.6.3',
171 silly addNameRange     '0.7.0',
171 silly addNameRange     '0.7.1',
171 silly addNameRange     '0.8.0',
171 silly addNameRange     '0.8.1',
171 silly addNameRange     '0.8.2',
171 silly addNameRange     '0.8.3',
171 silly addNameRange     '0.8.4',
171 silly addNameRange     '0.8.5',
171 silly addNameRange     '0.8.6',
171 silly addNameRange     '0.8.7',
171 silly addNameRange     '0.8.8',
171 silly addNameRange     '0.8.9',
171 silly addNameRange     '0.9.0',
171 silly addNameRange     '0.9.1',
171 silly addNameRange     '0.9.2',
171 silly addNameRange     '0.9.3',
171 silly addNameRange     '0.10.0',
171 silly addNameRange     '0.10.1',
171 silly addNameRange     '0.10.2',
171 silly addNameRange     '0.10.3',
171 silly addNameRange     '0.10.4',
171 silly addNameRange     '0.10.5',
171 silly addNameRange     '0.10.6',
171 silly addNameRange     '0.10.7',
171 silly addNameRange     '0.11.0',
171 silly addNameRange     '0.11.1',
171 silly addNameRange     '0.12.0',
171 silly addNameRange     '0.12.1',
171 silly addNameRange     '0.12.2',
171 silly addNameRange     '0.12.3',
171 silly addNameRange     '0.12.4',
171 silly addNameRange     '0.13.0',
171 silly addNameRange     '0.14.0',
171 silly addNameRange     '0.14.1',
171 silly addNameRange     '0.14.2',
171 silly addNameRange     '0.15.0',
171 silly addNameRange     '0.15.1',
171 silly addNameRange     '0.15.2',
171 silly addNameRange     '0.15.3',
171 silly addNameRange     '0.15.4',
171 silly addNameRange     '0.16.0',
171 silly addNameRange     '0.16.1',
171 silly addNameRange     '0.16.2',
171 silly addNameRange     '0.16.3',
171 silly addNameRange     '0.16.4',
171 silly addNameRange     '0.17.0',
171 silly addNameRange     '0.18.0',
171 silly addNameRange     '0.19.0',
171 silly addNameRange     '0.20.0',
171 silly addNameRange     '0.20.1',
171 silly addNameRange     '0.20.2',
171 silly addNameRange     '0.20.3',
171 silly addNameRange     '0.21.0',
171 silly addNameRange     '0.22.0',
171 silly addNameRange     '0.22.1',
171 silly addNameRange     '0.23.0',
171 silly addNameRange     '0.24.0',
171 silly addNameRange     '0.25.0',
171 silly addNameRange     '0.26.0',
171 silly addNameRange     '0.26.1',
171 silly addNameRange     '0.26.2',
171 silly addNameRange     '0.26.3',
171 silly addNameRange     '0.27.0',
171 silly addNameRange     '0.27.1',
171 silly addNameRange     '0.27.2',
171 silly addNameRange     '0.27.3',
171 silly addNameRange     '0.27.4',
171 silly addNameRange     '0.27.5',
171 silly addNameRange     '0.27.6',
171 silly addNameRange     '0.27.7',
171 silly addNameRange     '0.28.0',
171 silly addNameRange     '0.28.1',
171 silly addNameRange     '0.28.2',
171 silly addNameRange     '0.29.0',
171 silly addNameRange     '0.30.0',
171 silly addNameRange     '0.31.0',
171 silly addNameRange     '0.31.1',
171 silly addNameRange     '0.31.2',
171 silly addNameRange     '0.32.0',
171 silly addNameRange     '0.33.0',
171 silly addNameRange     '0.34.0',
171 silly addNameRange     '0.34.1',
171 silly addNameRange     '0.35.0',
171 silly addNameRange     '1.0.0',
171 silly addNameRange     '1.0.1',
171 silly addNameRange     '1.0.2',
171 silly addNameRange     '1.1.0',
171 silly addNameRange     '1.1.1',
171 silly addNameRange     '1.1.2',
171 silly addNameRange     '1.1.3',
171 silly addNameRange     '1.1.4',
171 silly addNameRange     '1.1.5',
171 silly addNameRange     '1.2.0',
171 silly addNameRange     '1.3.0',
171 silly addNameRange     '1.3.1',
171 silly addNameRange     '1.4.0',
171 silly addNameRange     '1.4.1',
171 silly addNameRange     '1.4.2',
171 silly addNameRange     '1.5.0',
171 silly addNameRange     '1.6.0',
171 silly addNameRange     '1.7.0',
171 silly addNameRange     '1.8.0' ] ]
172 verbose addNamed [ 'jade', '1.6.0' ]
173 verbose addNamed [ '1.6.0', '1.6.0' ]
174 silly lockFile c06071bd-jade-1-6-0 jade@1.6.0
175 verbose lock jade@1.6.0 /Users/gladisk/.npm/c06071bd-jade-1-6-0.lock
176 silly lockFile 7bdc82f5-ry-npmjs-org-jade-jade-1-6-0-tgz https://registry.npmjs.org/jade/-/jade-1.6.0.tgz
177 verbose lock https://registry.npmjs.org/jade/-/jade-1.6.0.tgz /Users/gladisk/.npm/7bdc82f5-ry-npmjs-org-jade-jade-1-6-0-tgz.lock
178 verbose addRemoteTarball [ 'https://registry.npmjs.org/jade/-/jade-1.6.0.tgz',
178 verbose addRemoteTarball   'c02540cd97b1014db3c15743746bc3dcd54170f9' ]
179 info retry fetch attempt 1 at 22:10:16
180 verbose fetch to= /var/folders/mg/tvymddrs79v7cb96bcgy2bh80000gn/T/npm-14206-YWysiMU3/registry.npmjs.org/jade/-/jade-1.6.0.tgz
181 http GET https://registry.npmjs.org/jade/-/jade-1.6.0.tgz
182 http 200 https://registry.npmjs.org/jade/-/jade-1.6.0.tgz
183 http 200 https://registry.npmjs.org/grunt-contrib-less
184 silly registry.get cb [ 200,
184 silly registry.get   { date: 'Sun, 30 Nov 2014 21:10:16 GMT',
184 silly registry.get     server: 'CouchDB/1.5.0 (Erlang OTP/R14B04)',
184 silly registry.get     etag: '"BEA54UTKKQPE5FQVNTJHICAO"',
184 silly registry.get     'content-type': 'application/json',
184 silly registry.get     'cache-control': 'max-age=60',
184 silly registry.get     'content-length': '62497',
184 silly registry.get     'accept-ranges': 'bytes',
184 silly registry.get     via: '1.1 varnish',
184 silly registry.get     age: '38',
184 silly registry.get     'x-served-by': 'cache-fra1236-FRA',
184 silly registry.get     'x-cache': 'HIT',
184 silly registry.get     'x-cache-hits': '1',
184 silly registry.get     'x-timer': 'S1417381816.248913,VS0,VE0',
184 silly registry.get     vary: 'Accept',
184 silly registry.get     'keep-alive': 'timeout=10, max=49',
184 silly registry.get     connection: 'Keep-Alive' } ]
185 silly addNameRange number 2 { name: 'grunt-contrib-less',
185 silly addNameRange   range: '>=0.12.0-0 <0.13.0-0',
185 silly addNameRange   hasData: true }
186 silly addNameRange versions [ 'grunt-contrib-less',
186 silly addNameRange   [ '0.1.0',
186 silly addNameRange     '0.2.0',
186 silly addNameRange     '0.2.1',
186 silly addNameRange     '0.2.2',
186 silly addNameRange     '0.3.0',
186 silly addNameRange     '0.3.1',
186 silly addNameRange     '0.3.2',
186 silly addNameRange     '0.5.0',
186 silly addNameRange     '0.5.1',
186 silly addNameRange     '0.5.2',
186 silly addNameRange     '0.6.0',
186 silly addNameRange     '0.6.1',
186 silly addNameRange     '0.6.2',
186 silly addNameRange     '0.6.3',
186 silly addNameRange     '0.6.4',
186 silly addNameRange     '0.6.5',
186 silly addNameRange     '0.7.0',
186 silly addNameRange     '0.8.0',
186 silly addNameRange     '0.8.1',
186 silly addNameRange     '0.8.2',
186 silly addNameRange     '0.8.3',
186 silly addNameRange     '0.9.0',
186 silly addNameRange     '0.10.0',
186 silly addNameRange     '0.11.0',
186 silly addNameRange     '0.11.1',
186 silly addNameRange     '0.11.2',
186 silly addNameRange     '0.11.3',
186 silly addNameRange     '0.11.4',
186 silly addNameRange     '0.12.0',
186 silly addNameRange     '0.5.0-rc7' ] ]
187 verbose addNamed [ 'grunt-contrib-less', '0.12.0' ]
188 verbose addNamed [ '0.12.0', '0.12.0' ]
189 silly lockFile 5fce9750-grunt-contrib-less-0-12-0 grunt-contrib-less@0.12.0
190 verbose lock grunt-contrib-less@0.12.0 /Users/gladisk/.npm/5fce9750-grunt-contrib-less-0-12-0.lock
191 silly lockFile a8ad3893-ss-grunt-contrib-less-0-12-0-tgz https://registry.npmjs.org/grunt-contrib-less/-/grunt-contrib-less-0.12.0.tgz
192 verbose lock https://registry.npmjs.org/grunt-contrib-less/-/grunt-contrib-less-0.12.0.tgz /Users/gladisk/.npm/a8ad3893-ss-grunt-contrib-less-0-12-0-tgz.lock
193 verbose addRemoteTarball [ 'https://registry.npmjs.org/grunt-contrib-less/-/grunt-contrib-less-0.12.0.tgz',
193 verbose addRemoteTarball   'ee6a41b5f94bbe96b5f0d86b16e061c114b954be' ]
194 info retry fetch attempt 1 at 22:10:16
195 verbose fetch to= /var/folders/mg/tvymddrs79v7cb96bcgy2bh80000gn/T/npm-14206-YWysiMU3/registry.npmjs.org/grunt-contrib-less/-/grunt-contrib-less-0.12.0.tgz
196 http GET https://registry.npmjs.org/grunt-contrib-less/-/grunt-contrib-less-0.12.0.tgz
197 http 304 https://registry.npmjs.org/grunt-contrib-cssmin
198 silly registry.get cb [ 304,
198 silly registry.get   { date: 'Sun, 30 Nov 2014 21:10:16 GMT',
198 silly registry.get     server: 'Apache',
198 silly registry.get     via: '1.1 varnish',
198 silly registry.get     'last-modified': 'Sun, 30 Nov 2014 21:10:16 GMT',
198 silly registry.get     'cache-control': 'max-age=60',
198 silly registry.get     etag: '"5GND3AEVYFBMXO4DE5O9TN2TC"',
198 silly registry.get     age: '1',
198 silly registry.get     'x-served-by': 'cache-fra1220-FRA',
198 silly registry.get     'x-cache': 'HIT',
198 silly registry.get     'x-cache-hits': '1',
198 silly registry.get     'x-timer': 'S1417381816.734263,VS0,VE0',
198 silly registry.get     vary: 'Accept',
198 silly registry.get     'content-length': '0',
198 silly registry.get     'keep-alive': 'timeout=10, max=50',
198 silly registry.get     connection: 'Keep-Alive' } ]
199 verbose etag https://registry.npmjs.org/grunt-contrib-cssmin from cache
200 http 200 https://registry.npmjs.org/grunt-contrib-concat
201 silly registry.get cb [ 200,
201 silly registry.get   { date: 'Sun, 30 Nov 2014 21:10:16 GMT',
201 silly registry.get     server: 'CouchDB/1.5.0 (Erlang OTP/R16B03)',
201 silly registry.get     etag: '"CTAFCVJJFRM66076G9UL8E2W4"',
201 silly registry.get     'content-type': 'application/json',
201 silly registry.get     'cache-control': 'max-age=60',
201 silly registry.get     'content-length': '27903',
201 silly registry.get     'accept-ranges': 'bytes',
201 silly registry.get     via: '1.1 varnish',
201 silly registry.get     age: '0',
201 silly registry.get     'x-served-by': 'cache-fra1239-FRA',
201 silly registry.get     'x-cache': 'HIT',
201 silly registry.get     'x-cache-hits': '1',
201 silly registry.get     'x-timer': 'S1417381815.963744,VS0,VE721',
201 silly registry.get     vary: 'Accept',
201 silly registry.get     'keep-alive': 'timeout=10, max=50',
201 silly registry.get     connection: 'Keep-Alive' } ]
202 http 200 https://registry.npmjs.org/grunt-nodemon
203 silly registry.get cb [ 200,
203 silly registry.get   { date: 'Sun, 30 Nov 2014 21:10:16 GMT',
203 silly registry.get     server: 'CouchDB/1.5.0 (Erlang OTP/R16B03)',
203 silly registry.get     etag: '"7P2OIQBX6RQMTYDF2IF6MFJ0Y"',
203 silly registry.get     'content-type': 'application/json',
203 silly registry.get     'cache-control': 'max-age=60',
203 silly registry.get     'content-length': '27870',
203 silly registry.get     'accept-ranges': 'bytes',
203 silly registry.get     via: '1.1 varnish',
203 silly registry.get     age: '0',
203 silly registry.get     'x-served-by': 'cache-fra1247-FRA',
203 silly registry.get     'x-cache': 'HIT',
203 silly registry.get     'x-cache-hits': '1',
203 silly registry.get     'x-timer': 'S1417381815.966763,VS0,VE707',
203 silly registry.get     vary: 'Accept',
203 silly registry.get     'keep-alive': 'timeout=10, max=50',
203 silly registry.get     connection: 'Keep-Alive' } ]
204 silly addNameRange number 2 { name: 'grunt-contrib-cssmin',
204 silly addNameRange   range: '>=0.10.0-0 <0.11.0-0',
204 silly addNameRange   hasData: true }
205 silly addNameRange versions [ 'grunt-contrib-cssmin',
205 silly addNameRange   [ '0.4.0',
205 silly addNameRange     '0.4.1',
205 silly addNameRange     '0.4.2',
205 silly addNameRange     '0.5.0',
205 silly addNameRange     '0.6.0',
205 silly addNameRange     '0.6.1',
205 silly addNameRange     '0.6.2',
205 silly addNameRange     '0.7.0',
205 silly addNameRange     '0.8.0',
205 silly addNameRange     '0.9.0',
205 silly addNameRange     '0.10.0' ] ]
206 verbose addNamed [ 'grunt-contrib-cssmin', '0.10.0' ]
207 verbose addNamed [ '0.10.0', '0.10.0' ]
208 silly lockFile 9ea8e840-grunt-contrib-cssmin-0-10-0 grunt-contrib-cssmin@0.10.0
209 verbose lock grunt-contrib-cssmin@0.10.0 /Users/gladisk/.npm/9ea8e840-grunt-contrib-cssmin-0-10-0.lock
210 silly addNameRange number 2 { name: 'grunt-contrib-concat',
210 silly addNameRange   range: '>=0.5.0-0 <0.6.0-0',
210 silly addNameRange   hasData: true }
211 silly addNameRange versions [ 'grunt-contrib-concat',
211 silly addNameRange   [ '0.1.0',
211 silly addNameRange     '0.1.1',
211 silly addNameRange     '0.1.2',
211 silly addNameRange     '0.1.3',
211 silly addNameRange     '0.2.0',
211 silly addNameRange     '0.3.0',
211 silly addNameRange     '0.4.0',
211 silly addNameRange     '0.5.0',
211 silly addNameRange     '0.1.2-rc5',
211 silly addNameRange     '0.1.2-rc6' ] ]
212 verbose addNamed [ 'grunt-contrib-concat', '0.5.0' ]
213 verbose addNamed [ '0.5.0', '0.5.0' ]
214 silly lockFile 02f03e4c-grunt-contrib-concat-0-5-0 grunt-contrib-concat@0.5.0
215 verbose lock grunt-contrib-concat@0.5.0 /Users/gladisk/.npm/02f03e4c-grunt-contrib-concat-0-5-0.lock
216 silly lockFile 6d2a5de2--grunt-contrib-cssmin-0-10-0-tgz https://registry.npmjs.org/grunt-contrib-cssmin/-/grunt-contrib-cssmin-0.10.0.tgz
217 verbose lock https://registry.npmjs.org/grunt-contrib-cssmin/-/grunt-contrib-cssmin-0.10.0.tgz /Users/gladisk/.npm/6d2a5de2--grunt-contrib-cssmin-0-10-0-tgz.lock
218 silly addNameRange number 2 { name: 'grunt-nodemon',
218 silly addNameRange   range: '>=0.3.0-0 <0.4.0-0',
218 silly addNameRange   hasData: true }
219 silly addNameRange versions [ 'grunt-nodemon',
219 silly addNameRange   [ '0.0.0',
219 silly addNameRange     '0.0.1',
219 silly addNameRange     '0.0.2',
219 silly addNameRange     '0.0.3',
219 silly addNameRange     '0.0.4',
219 silly addNameRange     '0.0.5',
219 silly addNameRange     '0.0.6',
219 silly addNameRange     '0.0.7',
219 silly addNameRange     '0.0.8',
219 silly addNameRange     '0.0.9',
219 silly addNameRange     '0.0.10',
219 silly addNameRange     '0.1.0',
219 silly addNameRange     '0.1.1',
219 silly addNameRange     '0.1.2',
219 silly addNameRange     '0.2.0',
219 silly addNameRange     '0.2.1',
219 silly addNameRange     '0.3.0' ] ]
220 verbose addNamed [ 'grunt-nodemon', '0.3.0' ]
221 verbose addNamed [ '0.3.0', '0.3.0' ]
222 silly lockFile 5bad126c-grunt-nodemon-0-3-0 grunt-nodemon@0.3.0
223 verbose lock grunt-nodemon@0.3.0 /Users/gladisk/.npm/5bad126c-grunt-nodemon-0-3-0.lock
224 verbose addRemoteTarball [ 'https://registry.npmjs.org/grunt-contrib-cssmin/-/grunt-contrib-cssmin-0.10.0.tgz',
224 verbose addRemoteTarball   'e05f341e753a9674b2b1070220fdcbac22079418' ]
225 silly lockFile db4e53e0--nodemon-grunt-nodemon-0-3-0-tgz https://registry.npmjs.org/grunt-nodemon/-/grunt-nodemon-0.3.0.tgz
226 verbose lock https://registry.npmjs.org/grunt-nodemon/-/grunt-nodemon-0.3.0.tgz /Users/gladisk/.npm/db4e53e0--nodemon-grunt-nodemon-0-3-0-tgz.lock
227 info retry fetch attempt 1 at 22:10:16
228 verbose fetch to= /var/folders/mg/tvymddrs79v7cb96bcgy2bh80000gn/T/npm-14206-YWysiMU3/registry.npmjs.org/grunt-contrib-cssmin/-/grunt-contrib-cssmin-0.10.0.tgz
229 verbose addRemoteTarball [ 'https://registry.npmjs.org/grunt-nodemon/-/grunt-nodemon-0.3.0.tgz',
229 verbose addRemoteTarball   '56ebebae20305598d0d12f88a37accb20a1c6d1f' ]
230 http GET https://registry.npmjs.org/grunt-contrib-cssmin/-/grunt-contrib-cssmin-0.10.0.tgz
231 silly lockFile 02f03e4c-grunt-contrib-concat-0-5-0 grunt-contrib-concat@0.5.0
232 silly lockFile 02f03e4c-grunt-contrib-concat-0-5-0 grunt-contrib-concat@0.5.0
233 silly lockFile 47c410cb-grunt-contrib-concat-0-5-0 grunt-contrib-concat@^0.5.0
234 silly lockFile 47c410cb-grunt-contrib-concat-0-5-0 grunt-contrib-concat@^0.5.0
235 info retry fetch attempt 1 at 22:10:16
236 verbose fetch to= /var/folders/mg/tvymddrs79v7cb96bcgy2bh80000gn/T/npm-14206-YWysiMU3/registry.npmjs.org/grunt-nodemon/-/grunt-nodemon-0.3.0.tgz
237 http GET https://registry.npmjs.org/grunt-nodemon/-/grunt-nodemon-0.3.0.tgz
238 http 200 https://registry.npmjs.org/grunt-contrib-uglify
239 silly registry.get cb [ 200,
239 silly registry.get   { date: 'Sun, 30 Nov 2014 21:10:16 GMT',
239 silly registry.get     server: 'CouchDB/1.5.0 (Erlang OTP/R16B03)',
239 silly registry.get     etag: '"8UFL91HZLTSUNXL9GLRA9AGDK"',
239 silly registry.get     'content-type': 'application/json',
239 silly registry.get     'cache-control': 'max-age=60',
239 silly registry.get     'content-length': '53315',
239 silly registry.get     'accept-ranges': 'bytes',
239 silly registry.get     via: '1.1 varnish',
239 silly registry.get     age: '0',
239 silly registry.get     'x-served-by': 'cache-fra1241-FRA',
239 silly registry.get     'x-cache': 'HIT',
239 silly registry.get     'x-cache-hits': '1',
239 silly registry.get     'x-timer': 'S1417381815.989865,VS0,VE666',
239 silly registry.get     vary: 'Accept',
239 silly registry.get     'keep-alive': 'timeout=10, max=50',
239 silly registry.get     connection: 'Keep-Alive' } ]
240 silly addNameRange number 2 { name: 'grunt-contrib-uglify',
240 silly addNameRange   range: '>=0.6.0-0 <0.7.0-0',
240 silly addNameRange   hasData: true }
241 silly addNameRange versions [ 'grunt-contrib-uglify',
241 silly addNameRange   [ '0.1.0',
241 silly addNameRange     '0.1.1',
241 silly addNameRange     '0.1.2',
241 silly addNameRange     '0.2.0',
241 silly addNameRange     '0.2.1',
241 silly addNameRange     '0.2.2',
241 silly addNameRange     '0.2.3',
241 silly addNameRange     '0.2.4',
241 silly addNameRange     '0.2.5',
241 silly addNameRange     '0.2.6',
241 silly addNameRange     '0.2.7',
241 silly addNameRange     '0.3.0',
241 silly addNameRange     '0.3.1',
241 silly addNameRange     '0.1.1-rc5',
241 silly addNameRange     '0.1.1-rc6',
241 silly addNameRange     '0.3.2',
241 silly addNameRange     '0.3.3',
241 silly addNameRange     '0.4.0',
241 silly addNameRange     '0.5.0',
241 silly addNameRange     '0.4.1',
241 silly addNameRange     '0.5.1',
241 silly addNameRange     '0.6.0' ] ]
242 verbose addNamed [ 'grunt-contrib-uglify', '0.6.0' ]
243 verbose addNamed [ '0.6.0', '0.6.0' ]
244 silly lockFile 19fbe28a-grunt-contrib-uglify-0-6-0 grunt-contrib-uglify@0.6.0
245 verbose lock grunt-contrib-uglify@0.6.0 /Users/gladisk/.npm/19fbe28a-grunt-contrib-uglify-0-6-0.lock
246 silly lockFile 30909eb0-y-grunt-contrib-uglify-0-6-0-tgz https://registry.npmjs.org/grunt-contrib-uglify/-/grunt-contrib-uglify-0.6.0.tgz
247 verbose lock https://registry.npmjs.org/grunt-contrib-uglify/-/grunt-contrib-uglify-0.6.0.tgz /Users/gladisk/.npm/30909eb0-y-grunt-contrib-uglify-0-6-0-tgz.lock
248 verbose addRemoteTarball [ 'https://registry.npmjs.org/grunt-contrib-uglify/-/grunt-contrib-uglify-0.6.0.tgz',
248 verbose addRemoteTarball   '3a271d4dc4daba64691d0d0d08550ec54a7ec0ab' ]
249 info retry fetch attempt 1 at 22:10:16
250 verbose fetch to= /var/folders/mg/tvymddrs79v7cb96bcgy2bh80000gn/T/npm-14206-YWysiMU3/registry.npmjs.org/grunt-contrib-uglify/-/grunt-contrib-uglify-0.6.0.tgz
251 http GET https://registry.npmjs.org/grunt-contrib-uglify/-/grunt-contrib-uglify-0.6.0.tgz
252 http 200 https://registry.npmjs.org/grunt-contrib-cssmin/-/grunt-contrib-cssmin-0.10.0.tgz
253 silly lockFile 6d2a5de2--grunt-contrib-cssmin-0-10-0-tgz https://registry.npmjs.org/grunt-contrib-cssmin/-/grunt-contrib-cssmin-0.10.0.tgz
254 silly lockFile 6d2a5de2--grunt-contrib-cssmin-0-10-0-tgz https://registry.npmjs.org/grunt-contrib-cssmin/-/grunt-contrib-cssmin-0.10.0.tgz
255 silly lockFile 9ea8e840-grunt-contrib-cssmin-0-10-0 grunt-contrib-cssmin@0.10.0
256 silly lockFile 9ea8e840-grunt-contrib-cssmin-0-10-0 grunt-contrib-cssmin@0.10.0
257 silly lockFile 27341b2e-grunt-contrib-cssmin-0-10-0 grunt-contrib-cssmin@^0.10.0
258 silly lockFile 27341b2e-grunt-contrib-cssmin-0-10-0 grunt-contrib-cssmin@^0.10.0
259 http 200 https://registry.npmjs.org/grunt-nodemon/-/grunt-nodemon-0.3.0.tgz
260 silly lockFile db4e53e0--nodemon-grunt-nodemon-0-3-0-tgz https://registry.npmjs.org/grunt-nodemon/-/grunt-nodemon-0.3.0.tgz
261 silly lockFile db4e53e0--nodemon-grunt-nodemon-0-3-0-tgz https://registry.npmjs.org/grunt-nodemon/-/grunt-nodemon-0.3.0.tgz
262 http 200 https://registry.npmjs.org/grunt-contrib-uglify/-/grunt-contrib-uglify-0.6.0.tgz
263 silly lockFile 5bad126c-grunt-nodemon-0-3-0 grunt-nodemon@0.3.0
264 silly lockFile 5bad126c-grunt-nodemon-0-3-0 grunt-nodemon@0.3.0
265 silly lockFile d84cf24e-grunt-nodemon-0-3-0 grunt-nodemon@^0.3.0
266 silly lockFile d84cf24e-grunt-nodemon-0-3-0 grunt-nodemon@^0.3.0
267 silly lockFile 30909eb0-y-grunt-contrib-uglify-0-6-0-tgz https://registry.npmjs.org/grunt-contrib-uglify/-/grunt-contrib-uglify-0.6.0.tgz
268 silly lockFile 30909eb0-y-grunt-contrib-uglify-0-6-0-tgz https://registry.npmjs.org/grunt-contrib-uglify/-/grunt-contrib-uglify-0.6.0.tgz
269 silly lockFile 19fbe28a-grunt-contrib-uglify-0-6-0 grunt-contrib-uglify@0.6.0
270 silly lockFile 19fbe28a-grunt-contrib-uglify-0-6-0 grunt-contrib-uglify@0.6.0
271 silly lockFile 745b3922-grunt-contrib-uglify-0-6-0 grunt-contrib-uglify@^0.6.0
272 silly lockFile 745b3922-grunt-contrib-uglify-0-6-0 grunt-contrib-uglify@^0.6.0
273 http 200 https://registry.npmjs.org/nodemon
274 silly registry.get cb [ 200,
274 silly registry.get   { date: 'Sun, 30 Nov 2014 21:10:16 GMT',
274 silly registry.get     server: 'CouchDB/1.5.0 (Erlang OTP/R16B03)',
274 silly registry.get     etag: '"3ZOUDSW2SR6E7L3KX3ZKRFBX"',
274 silly registry.get     'content-type': 'application/json',
274 silly registry.get     'cache-control': 'max-age=60',
274 silly registry.get     'content-length': '122712',
274 silly registry.get     'accept-ranges': 'bytes',
274 silly registry.get     via: '1.1 varnish',
274 silly registry.get     age: '14',
274 silly registry.get     'x-served-by': 'cache-fra1236-FRA',
274 silly registry.get     'x-cache': 'HIT',
274 silly registry.get     'x-cache-hits': '1',
274 silly registry.get     'x-timer': 'S1417381816.604961,VS0,VE1',
274 silly registry.get     vary: 'Accept',
274 silly registry.get     'keep-alive': 'timeout=10, max=48',
274 silly registry.get     connection: 'Keep-Alive' } ]
275 silly addNameRange number 2 { name: 'nodemon', range: '>=1.2.1-0 <2.0.0-0', hasData: true }
276 silly addNameRange versions [ 'nodemon',
276 silly addNameRange   [ '0.1.4',
276 silly addNameRange     '0.1.5',
276 silly addNameRange     '0.1.6',
276 silly addNameRange     '0.1.7',
276 silly addNameRange     '0.1.8',
276 silly addNameRange     '0.2.0',
276 silly addNameRange     '0.2.1',
276 silly addNameRange     '0.2.2',
276 silly addNameRange     '0.3.0',
276 silly addNameRange     '0.3.1',
276 silly addNameRange     '0.3.2',
276 silly addNameRange     '0.4.0',
276 silly addNameRange     '0.4.1',
276 silly addNameRange     '0.5.0',
276 silly addNameRange     '0.5.1',
276 silly addNameRange     '0.5.2',
276 silly addNameRange     '0.5.3',
276 silly addNameRange     '0.5.4',
276 silly addNameRange     '0.5.5',
276 silly addNameRange     '0.5.6',
276 silly addNameRange     '0.5.7',
276 silly addNameRange     '0.6.0',
276 silly addNameRange     '0.6.1',
276 silly addNameRange     '0.6.2',
276 silly addNameRange     '0.6.3',
276 silly addNameRange     '0.6.4',
276 silly addNameRange     '0.6.5',
276 silly addNameRange     '0.6.6',
276 silly addNameRange     '0.6.7',
276 silly addNameRange     '0.6.8',
276 silly addNameRange     '0.6.9',
276 silly addNameRange     '0.6.10',
276 silly addNameRange     '0.6.11',
276 silly addNameRange     '0.6.12',
276 silly addNameRange     '0.6.13',
276 silly addNameRange     '0.6.14',
276 silly addNameRange     '0.6.15',
276 silly addNameRange     '0.6.16',
276 silly addNameRange     '0.6.17',
276 silly addNameRange     '0.6.18',
276 silly addNameRange     '0.6.19',
276 silly addNameRange     '0.6.20',
276 silly addNameRange     '0.6.21',
276 silly addNameRange     '0.6.22',
276 silly addNameRange     '0.6.23',
276 silly addNameRange     '0.7.0',
276 silly addNameRange     '0.7.1',
276 silly addNameRange     '0.7.2',
276 silly addNameRange     '0.7.3',
276 silly addNameRange     '0.7.4',
276 silly addNameRange     '0.7.5',
276 silly addNameRange     '0.7.6',
276 silly addNameRange     '0.7.7',
276 silly addNameRange     '0.7.8',
276 silly addNameRange     '0.7.10',
276 silly addNameRange     '0.9.0',
276 silly addNameRange     '0.9.1',
276 silly addNameRange     '0.9.2',
276 silly addNameRange     '0.9.3',
276 silly addNameRange     '0.9.5',
276 silly addNameRange     '0.9.6',
276 silly addNameRange     '0.9.7',
276 silly addNameRange     '0.9.10',
276 silly addNameRange     '0.9.11',
276 silly addNameRange     '0.9.12',
276 silly addNameRange     '0.9.14',
276 silly addNameRange     '0.9.16',
276 silly addNameRange     '0.9.17',
276 silly addNameRange     '1.0.0',
276 silly addNameRange     '1.0.1',
276 silly addNameRange     '1.0.2',
276 silly addNameRange     '1.0.2-rc',
276 silly addNameRange     '0.6.10-a',
276 silly addNameRange     '1.0.2-rc3',
276 silly addNameRange     '1.0.2-rc4',
276 silly addNameRange     '1.0.3',
276 silly addNameRange     '1.0.4',
276 silly addNameRange     '1.0.5',
276 silly addNameRange     '1.0.6',
276 silly addNameRange     '1.0.7',
276 silly addNameRange     '1.0.8',
276 silly addNameRange     '1.0.9',
276 silly addNameRange     '1.0.10',
276 silly addNameRange     '1.0.11',
276 silly addNameRange     '1.0.12',
276 silly addNameRange     '1.0.13',
276 silly addNameRange     '1.0.14',
276 silly addNameRange     '1.0.15',
276 silly addNameRange     '1.0.16',
276 silly addNameRange     '1.0.17-rc1',
276 silly addNameRange     '1.0.17-rc2',
276 silly addNameRange     '1.0.17',
276 silly addNameRange     '1.0.18',
276 silly addNameRange     '1.0.19',
276 silly addNameRange     '1.0.20',
276 silly addNameRange     '1.1.0-alpha',
276 silly addNameRange     '1.1.0',
276 silly addNameRange     '1.1.1',
276 silly addNameRange     '1.2.0',
276 silly addNameRange     '1.2.1' ] ]
277 verbose addNamed [ 'nodemon', '1.2.1' ]
278 verbose addNamed [ '1.2.1', '1.2.1' ]
279 silly lockFile 891e98f0-nodemon-1-2-1 nodemon@1.2.1
280 verbose lock nodemon@1.2.1 /Users/gladisk/.npm/891e98f0-nodemon-1-2-1.lock
281 silly lockFile 891e98f0-nodemon-1-2-1 nodemon@1.2.1
282 silly lockFile 891e98f0-nodemon-1-2-1 nodemon@1.2.1
283 silly lockFile 2f6de593-nodemon-1-2-1 nodemon@^1.2.1
284 silly lockFile 2f6de593-nodemon-1-2-1 nodemon@^1.2.1
285 http 200 https://registry.npmjs.org/grunt-contrib-watch
286 silly registry.get cb [ 200,
286 silly registry.get   { date: 'Sun, 30 Nov 2014 21:10:16 GMT',
286 silly registry.get     server: 'CouchDB/1.5.0 (Erlang OTP/R16B03)',
286 silly registry.get     etag: '"1K2NM4G9QWVB0K3XRG8FC18BU"',
286 silly registry.get     'content-type': 'application/json',
286 silly registry.get     'cache-control': 'max-age=60',
286 silly registry.get     'content-length': '59888',
286 silly registry.get     'accept-ranges': 'bytes',
286 silly registry.get     via: '1.1 varnish',
286 silly registry.get     age: '38',
286 silly registry.get     'x-served-by': 'cache-fra1220-FRA',
286 silly registry.get     'x-cache': 'HIT',
286 silly registry.get     'x-cache-hits': '1',
286 silly registry.get     'x-timer': 'S1417381816.773812,VS0,VE0',
286 silly registry.get     vary: 'Accept',
286 silly registry.get     'keep-alive': 'timeout=10, max=49',
286 silly registry.get     connection: 'Keep-Alive' } ]
287 silly addNameRange number 2 { name: 'grunt-contrib-watch',
287 silly addNameRange   range: '>=0.6.1-0 <0.7.0-0',
287 silly addNameRange   hasData: true }
288 silly addNameRange versions [ 'grunt-contrib-watch',
288 silly addNameRange   [ '0.1.0',
288 silly addNameRange     '0.1.1',
288 silly addNameRange     '0.1.2',
288 silly addNameRange     '0.1.3',
288 silly addNameRange     '0.1.4',
288 silly addNameRange     '0.2.0',
288 silly addNameRange     '0.3.0',
288 silly addNameRange     '0.3.1',
288 silly addNameRange     '0.4.0',
288 silly addNameRange     '0.4.1',
288 silly addNameRange     '0.4.2',
288 silly addNameRange     '0.4.3',
288 silly addNameRange     '0.4.4',
288 silly addNameRange     '0.5.0',
288 silly addNameRange     '0.5.1',
288 silly addNameRange     '0.5.2',
288 silly addNameRange     '0.5.3',
288 silly addNameRange     '0.6.0',
288 silly addNameRange     '0.6.1',
288 silly addNameRange     '0.2.0-a',
288 silly addNameRange     '0.2.0-rc5',
288 silly addNameRange     '0.2.0-rc7' ] ]
289 verbose addNamed [ 'grunt-contrib-watch', '0.6.1' ]
290 verbose addNamed [ '0.6.1', '0.6.1' ]
291 silly lockFile 08049756-grunt-contrib-watch-0-6-1 grunt-contrib-watch@0.6.1
292 verbose lock grunt-contrib-watch@0.6.1 /Users/gladisk/.npm/08049756-grunt-contrib-watch-0-6-1.lock
293 silly lockFile 7bdc82f5-ry-npmjs-org-jade-jade-1-6-0-tgz https://registry.npmjs.org/jade/-/jade-1.6.0.tgz
294 silly lockFile 7bdc82f5-ry-npmjs-org-jade-jade-1-6-0-tgz https://registry.npmjs.org/jade/-/jade-1.6.0.tgz
295 silly lockFile c06071bd-jade-1-6-0 jade@1.6.0
296 silly lockFile c06071bd-jade-1-6-0 jade@1.6.0
297 silly lockFile ad8c17a8-jade-1-6-0 jade@~1.6.0
298 silly lockFile ad8c17a8-jade-1-6-0 jade@~1.6.0
299 silly lockFile 08049756-grunt-contrib-watch-0-6-1 grunt-contrib-watch@0.6.1
300 silly lockFile 08049756-grunt-contrib-watch-0-6-1 grunt-contrib-watch@0.6.1
301 silly lockFile 224b1ece-grunt-contrib-watch-0-6-1 grunt-contrib-watch@^0.6.1
302 silly lockFile 224b1ece-grunt-contrib-watch-0-6-1 grunt-contrib-watch@^0.6.1
303 http 200 https://registry.npmjs.org/grunt-contrib-less/-/grunt-contrib-less-0.12.0.tgz
304 silly lockFile a8ad3893-ss-grunt-contrib-less-0-12-0-tgz https://registry.npmjs.org/grunt-contrib-less/-/grunt-contrib-less-0.12.0.tgz
305 silly lockFile a8ad3893-ss-grunt-contrib-less-0-12-0-tgz https://registry.npmjs.org/grunt-contrib-less/-/grunt-contrib-less-0.12.0.tgz
306 silly lockFile 5fce9750-grunt-contrib-less-0-12-0 grunt-contrib-less@0.12.0
307 silly lockFile 5fce9750-grunt-contrib-less-0-12-0 grunt-contrib-less@0.12.0
308 silly lockFile 91712cd0-grunt-contrib-less-0-12-0 grunt-contrib-less@^0.12.0
309 silly lockFile 91712cd0-grunt-contrib-less-0-12-0 grunt-contrib-less@^0.12.0
310 error Error: EACCES, mkdir '/Users/gladisk/.npm/jade/1.6.0'
310 error  { [Error: EACCES, mkdir '/Users/gladisk/.npm/jade/1.6.0']
310 error   errno: 3,
310 error   code: 'EACCES',
310 error   path: '/Users/gladisk/.npm/jade/1.6.0',
310 error   parent: 'webjobbar' }
311 error Please try running this command again as root/Administrator.
312 error System Darwin 14.0.0
313 error command "node" "/usr/local/bin/npm" "install"
314 error cwd /Users/gladisk/Google Drive/Programmation Work/local website/letemKnow/project/LetEmKnowGIT
315 error node -v v0.10.32
316 error npm -v 1.4.28
317 error path /Users/gladisk/.npm/jade/1.6.0
318 error code EACCES
319 error errno 3
320 error stack Error: EACCES, mkdir '/Users/gladisk/.npm/jade/1.6.0'
321 verbose exit [ 3, true ]
